-A
07281.jar
07282.jar
1.txt
9PY2DF6VS1V5.jpg
Ahmad
BenchMark
CL
Desktop
DifferentiatedScheduling.java
Downloads
FHoSS
IMSProject
MainProducer.out
P2PSIP
RPM-GPG-KEY-jlitka
STOCKtest.txt
TJ
TestDFSIO_results.log
VMController
VMControllerConfig.ini
WordCountPartialKeyGrouping.java
a.tar.gz
allbackupfile.sql
anaconda-ks.cfg
atomic
authorized_keys
autossh.sh
boost
capillary
clang
clean-java.sh
client
client_command.log
cluster.sh
cmake-3.6.1
cmake-3.6.1.tar.gz
codeblocks-10.05-release
combiled
control.tar.gz
cpp-ethereum
cz
czs_profile
data
data.tar.gz
debian-binary
derby.log
dhash-root
dstest.jar
dstest1.jar
dstest2.jar
dstest3.jar
dstest4.jar
dstest5.jar
dstest6.jar
dstest7.jar
dstest8.jar
eclipse
flink
flinkTest-1.0-SNAPSHOT.jar
fp_11.2.202.346_archive
gamescheduler-test3.jar
gcc-4.8.0
gcc-4.8.0.tar.bz2
gcc-4.8.2
gcc-6.1.0
gcc-6.1.0.tar.bz2
get_cpumem
get_net_info
get_net_info.cpp
hadoop-core-0.20.203.0.jar
hadoop-core-0.20.203.0.jar.original
hashtag.txt
hdfsCachePool-kafka-1.0-SNAPSHOT.jar
hi
history_root2
home
hosts
hs_err_pid17189.log
htop-2.0.2
htop-2.0.2.tar.gz
http:
id_dsa.pub
id_rsa.pub
iftop-0.17-12.el5.x86_64.rpm
img
install.log
install.log.syslog
ioemu-remote.tmp
ioemu.tar.gz
iptraf-3.0.0-5.el5.x86_64.rpm
isvmstarted.txt
jzmq
kafka-logs
kafka-manager-1.2.3
kafka_2.9.2-0.8.1.1
l2tp.log
lanrui
last_root2
latencyData.txt
ldx
libstdc++6_4.7.2-5_i386.deb
libvirt-0.9.11
llhuii
lly
log
log-cleaner.log
log4cplus-1.1.0-rc5
log4cxx
logs
machines
master
mbox
mpd.hosts
mpeg4ip-1.5.0.1-1.fc4.rf.i386.rpm
mpeg4ip-1.6.1.tar.gz
myncs
myncs.c
netperf-2.5.0.tar.gz
open-ims.dnszone
opro_collect
opro_log
p2psip.pcap
p7zip_4.65
p7zip_4.65_src_all.tar.bz2
pack
pack.tar.gz
partial-key-grouping
partial-key-grouping.zip
pcscf.pcap
phoronix-test-suite
phoronix-test-suite-5.0.1.tar.gz
php-5.6.18
php.bz2
phpworkspace
pkg.tar.gz
pkg_skew_0319
pm_vm.sh
popro_start
popro_stop
pxr
pxrout1
qiufei
refactor
refactor_old
result.txt
resultTweetsNoStopWords.txt
rmq_bk_gc.log
rmq_srv_gc.log
run_vm
seascape_two.tar.gz
secure_root2
sendpacks
server.sh
sg1.jar
sg10.jar
sg11.jar
sg12.jar
sg2.jar
sg3.jar
sg5.jar
sg6.jar
sg7.jar
sg8.jar
sg9.jar
sgt.jar
sgt2.jar
sgt3.jar
siptools
sourcecode
sourcecode.tar.gz
sparkTest
speedtest-cli
src
src.3e.tar.gz
start-kafka.sh
start-supervisor.sh
start-system.sh
start-zookeeper.sh
store
svn
syed
szc_profile
temp~
test_tools
twitter.txt
unix_vm_131
unix_vm_200_l
unixbench-5.1.2
unixbench-5.1.2.tar.gz
usr
valgrind-3.7.0
valgrind-3.7.0.tar.bz2
vm-devl
vm_opt
vmm.log
vnstat-1.7-1.el5.rf.x86_64.rpm
vpn
wind
wind.txt
windy
workspace
workspace2
workspace3
xen
xen-4.1.2
xen-4.1.2.tar.gz
xen.tar.gz
xentop.sh
xentoplog
yp
zerofile
zeromq
zeromq.gz
zhangqiao
zhou
zookeeper-3.4.6.tar.gz.1
zookeeper.out
